<?xml version="1.0" encoding="UTF-8"?>
<!-- Generated by org.testng.reporters.JUnitReportReporter -->
<testsuite hostname="DCCPL0634" failures="0" tests="4" name="com.dhruv.tests.DropdownTest_004" time="14.650" errors="0" timestamp="21 May 2024 11:26:03 GMT" skipped="0">
  <testcase classname="com.dhruv.tests.DropdownTest_004" name="testAutoSuggestiveCountryDD" time="4.843"/>
  <testcase classname="com.dhruv.tests.DropdownTest_004" name="testDropdownSelection" time="3.588"/>
  <testcase classname="com.dhruv.tests.DropdownTest_004" name="passengerDrodownTest" time="3.035"/>
  <testcase classname="com.dhruv.tests.DropdownTest_004" name="currencyDrodownTest" time="3.184"/>
</testsuite> <!-- com.dhruv.tests.DropdownTest_004 -->
