<?xml version="1.0" encoding="UTF-8"?>
<!-- Generated by org.testng.reporters.JUnitReportReporter -->
<testsuite hostname="DCCPL0634" failures="0" tests="1" name="com.dhruv.tests.FlipkartHomePageTest" time="31.383" errors="0" timestamp="21 May 2024 11:26:03 GMT" skipped="0">
  <testcase classname="com.dhruv.tests.FlipkartHomePageTest" name="testActionsOnFlipkart" time="31.383"/>
</testsuite> <!-- com.dhruv.tests.FlipkartHomePageTest -->
