<?xml version="1.0" encoding="UTF-8"?>
<!-- Generated by org.testng.reporters.JUnitReportReporter -->
<testsuite hostname="DCCPL0634" failures="0" tests="2" name="com.dhruv.tests.LoginTest" time="10.799" errors="0" timestamp="2024-05-19T08:27:21 IST" skipped="0">
  <testcase classname="com.dhruv.tests.LoginTest" name="testInvalidLogin" time="4.831"/>
  <system-out/>
  <testcase classname="com.dhruv.tests.LoginTest" name="forgotPasswordTest" time="5.968"/>
  <system-out/>
</testsuite> <!-- com.dhruv.tests.LoginTest -->
