<?xml version="1.0" encoding="UTF-8"?>
<!-- Generated by org.testng.reporters.JUnitReportReporter -->
<testsuite hostname="DCCPL0634" failures="0" tests="2" name="com.dhruv.tests.LoginTest_002" time="9.719" errors="0" timestamp="21 May 2024 11:26:03 GMT" skipped="0">
  <testcase classname="com.dhruv.tests.LoginTest_002" name="testInvalidLogin" time="3.668"/>
  <testcase classname="com.dhruv.tests.LoginTest_002" name="forgotPasswordTest" time="6.051"/>
</testsuite> <!-- com.dhruv.tests.LoginTest_002 -->
