<?xml version="1.0" encoding="UTF-8"?>
<!-- Generated by org.testng.reporters.JUnitReportReporter -->
<testsuite hostname="DCCPL0634" failures="0" tests="1" name="com.dhruv.tests.ActionsDemoTest" time="30.603" errors="0" timestamp="21 May 2024 08:35:39 GMT" skipped="0">
  <testcase classname="com.dhruv.tests.ActionsDemoTest" name="testActionsOnFlipkart" time="30.603"/>
</testsuite> <!-- com.dhruv.tests.ActionsDemoTest -->
